<?xml version="1.0" encoding="UTF-8"?>
<!-- Generated by org.testng.reporters.JUnitReportReporter -->
<testsuite hostname="Oviya" failures="0" tests="1" name="com.bymatAutomation.modulename.testcases.VerifyHomePageOfBymatAutomation" time="4.443" errors="0" timestamp="21 Aug 2023 00:11:45 GMT" skipped="0">
  <testcase classname="com.bymatAutomation.modulename.testcases.VerifyHomePageOfBymatAutomation" name="verifyHomePageOfBYMATAutomation" time="4.443"/>
</testsuite> <!-- com.bymatAutomation.modulename.testcases.VerifyHomePageOfBymatAutomation -->
